[  1%] [32mBuilding CXX object semanticeight/third_party/lodepng/CMakeFiles/lodepng.dir/src/lodepng.cpp.o[0m
[  2%] [32mBuilding CXX object semanticeight/se_apps/CMakeFiles/se-morton-tool.dir/src/morton_tool.cpp.o[0m
[  3%] [32mBuilding CXX object semanticeight/third_party/cnpy/CMakeFiles/cnpy.dir/src/cnpy.cpp.o[0m
[  4%] [32mBuilding CXX object /home/mz/semantic_rotors/src/semanticeight-ros/mesh-diff-tool/build/CMakeFiles/mesh-diff.dir/src/MeshDifference.cpp.o[0m
[  5%] [32mBuilding CXX object /home/mz/semantic_rotors/src/semanticeight-ros/mesh-diff-tool/build/CMakeFiles/mesh-diff.dir/src/mesh_properties.cpp.o[0m
[  7%] [32mBuilding CXX object /home/mz/semantic_rotors/src/semanticeight-ros/mesh-diff-tool/build/CMakeFiles/mesh-diff.dir/src/options.cpp.o[0m
[  8%] [32mBuilding CXX object semanticeight/third_party/frustum_intersector/CMakeFiles/frustum-intersector.dir/src/frustum_intersector.cpp.o[0m
[  9%] [32m[1mLinking CXX executable se-morton-tool[0m
[  9%] Built target se-morton-tool
[ 10%] [32m[1mLinking CXX static library liblodepng.a[0m
[ 10%] Built target lodepng
[ 11%] [32m[1mLinking CXX static library libcnpy.a[0m
[ 11%] Built target cnpy
[ 13%] [32mBuilding CXX object semanticeight/se_shared/CMakeFiles/se-shared.dir/src/image_utils.cpp.o[0m
[ 14%] [32mBuilding CXX object semanticeight/se_shared/CMakeFiles/se-shared.dir/src/sensor.cpp.o[0m
[ 15%] [32mBuilding CXX object semanticeight/se_shared/CMakeFiles/se-shared.dir/src/str_utils.cpp.o[0m
[ 16%] [32mBuilding CXX object semanticeight/se_shared/CMakeFiles/se-shared.dir/src/point_cloud_utils.cpp.o[0m
[ 17%] [32mBuilding CXX object semanticeight/se_shared/CMakeFiles/se-shared.dir/src/stats.cpp.o[0m
[ 19%] [32mBuilding CXX object semanticeight/se_shared/CMakeFiles/se-shared.dir/src/semantic_classes.cpp.o[0m
[ 20%] [32mBuilding CXX object semanticeight/se_shared/CMakeFiles/se-shared.dir/src/segmentation.cpp.o[0m
[ 21%] [32mBuilding CXX object semanticeight/se_shared/CMakeFiles/se-shared.dir/src/detection_confidence.cpp.o[0m
[ 22%] [32mBuilding CXX object semanticeight/se_shared/CMakeFiles/se-shared.dir/src/instance_segmentation.cpp.o[0m
[ 23%] [32mBuilding CXX object semanticeight/se_shared/CMakeFiles/se-shared.dir/src/segmentation_result.cpp.o[0m
[ 25%] [32mBuilding CXX object semanticeight/se_shared/CMakeFiles/se-shared.dir/src/bounding_volume.cpp.o[0m
[ 26%] [32m[1mLinking CXX static library libmesh-diff.a[0m
[ 26%] Built target mesh-diff
[ 28%] [32mBuilding CXX object /home/mz/semantic_rotors/src/semanticeight-ros/mesh-diff-tool/build/CMakeFiles/compare-single.dir/src/compare_single.cpp.o[0m
[ 28%] [32mBuilding CXX object /home/mz/semantic_rotors/src/semanticeight-ros/mesh-diff-tool/build/CMakeFiles/compare-multiple.dir/src/compare_multiple.cpp.o[0m
[ 29%] [32m[1mLinking CXX static library libse-shared.a[0m
[ 29%] Built target se-shared
[ 30%] [32mBuilding CXX object semanticeight/se_apps/CMakeFiles/se-voxel-size.dir/src/voxel_size.cpp.o[0m
[ 32%] [32mBuilding CXX object semanticeight/se_voxel_impl/CMakeFiles/se-voxel-impl-multiresofusion-pinholecamera.dir/src/MultiresOFusion/MultiresOFusion.cpp.o[0m
[ 33%] [32mBuilding CXX object semanticeight/se_voxel_impl/CMakeFiles/se-voxel-impl-multiresofusion-pinholecamera.dir/src/MultiresOFusion/MultiresOFusion_mapping.cpp.o[0m
[ 34%] [32mBuilding CXX object semanticeight/se_voxel_impl/CMakeFiles/se-voxel-impl-multiresofusion-pinholecamera.dir/src/MultiresOFusion/MultiresOFusion_rendering.cpp.o[0m
[ 35%] [32mBuilding CXX object semanticeight/se_voxel_impl/CMakeFiles/se-voxel-impl-multirestsdf-pinholecamera.dir/src/MultiresTSDF/MultiresTSDF.cpp.o[0m
[ 36%] [32mBuilding CXX object semanticeight/se_voxel_impl/CMakeFiles/se-voxel-impl-multirestsdf-pinholecamera.dir/src/MultiresTSDF/MultiresTSDF_allocation.cpp.o[0m
[ 38%] [32mBuilding CXX object semanticeight/se_voxel_impl/CMakeFiles/se-voxel-impl-multirestsdf-pinholecamera.dir/src/MultiresTSDF/MultiresTSDF_mapping.cpp.o[0m
[ 39%] [32mBuilding CXX object semanticeight/se_voxel_impl/CMakeFiles/se-voxel-impl-multirestsdf-pinholecamera.dir/src/MultiresTSDF/MultiresTSDF_rendering.cpp.o[0m
[ 40%] [32m[1mLinking CXX executable se-voxel-size[0m
[ 40%] Built target se-voxel-size
[ 41%] [32m[1mLinking CXX executable compare-single[0m
[ 42%] [32m[1mLinking CXX executable compare-multiple[0m
[ 42%] Built target compare-single
[ 42%] Built target compare-multiple
[ 44%] [32m[1mLinking CXX static library libse-voxel-impl-multirestsdf-pinholecamera.a[0m
[ 44%] Built target se-voxel-impl-multirestsdf-pinholecamera
[ 45%] [32m[1mLinking CXX static library libse-voxel-impl-multiresofusion-pinholecamera.a[0m
[ 45%] Built target se-voxel-impl-multiresofusion-pinholecamera
[ 46%] [32m[1mLinking CXX static library libfrustum-intersector.a[0m
[ 46%] Built target frustum-intersector
[ 47%] [32mBuilding CXX object semanticeight/se_denseslam/CMakeFiles/se-denseslam-pinholecamera.dir/src/preprocessing.cpp.o[0m
[ 48%] [32mBuilding CXX object semanticeight/se_denseslam/CMakeFiles/se-denseslam-pinholecamera.dir/src/tracking.cpp.o[0m
[ 50%] [32mBuilding CXX object semanticeight/se_denseslam/CMakeFiles/se-denseslam-pinholecamera.dir/src/rendering.cpp.o[0m
[ 51%] [32mBuilding CXX object semanticeight/se_denseslam/CMakeFiles/se-denseslam-pinholecamera.dir/src/depth_utils.cpp.o[0m
[ 52%] [32mBuilding CXX object semanticeight/se_denseslam/CMakeFiles/se-denseslam-pinholecamera.dir/src/object.cpp.o[0m
[ 53%] [32mBuilding CXX object semanticeight/se_denseslam/CMakeFiles/se-denseslam-pinholecamera.dir/src/object_rendering.cpp.o[0m
[ 54%] [32mBuilding CXX object semanticeight/se_denseslam/CMakeFiles/se-denseslam-pinholecamera.dir/src/object_utils.cpp.o[0m
[ 55%] [32mBuilding CXX object semanticeight/se_denseslam/CMakeFiles/se-denseslam-pinholecamera.dir/src/ptp/OccupancyWorld.cpp.o[0m
[ 57%] [32mBuilding CXX object semanticeight/se_denseslam/CMakeFiles/se-denseslam-pinholecamera.dir/src/ptp/ProbCollisionChecker.cpp.o[0m
[ 58%] [32mBuilding CXX object semanticeight/se_denseslam/CMakeFiles/se-denseslam-pinholecamera.dir/src/ptp/SafeFlightCorridorGenerator.cpp.o[0m
[ 59%] [32mBuilding CXX object semanticeight/se_denseslam/CMakeFiles/se-denseslam-pinholecamera.dir/src/morton_sampling_tree.cpp.o[0m
[ 60%] [32mBuilding CXX object semanticeight/se_denseslam/CMakeFiles/se-denseslam-pinholecamera.dir/src/entropy.cpp.o[0m
[ 61%] [32mBuilding CXX object semanticeight/se_denseslam/CMakeFiles/se-denseslam-pinholecamera.dir/src/lod.cpp.o[0m
[ 63%] [32mBuilding CXX object semanticeight/se_denseslam/CMakeFiles/se-denseslam-pinholecamera.dir/src/dist.cpp.o[0m
[ 64%] [32mBuilding CXX object semanticeight/se_denseslam/CMakeFiles/se-denseslam-pinholecamera.dir/src/completion.cpp.o[0m
[ 65%] [32mBuilding CXX object semanticeight/se_denseslam/CMakeFiles/se-denseslam-pinholecamera.dir/src/path.cpp.o[0m
[ 66%] [32mBuilding CXX object semanticeight/se_denseslam/CMakeFiles/se-denseslam-pinholecamera.dir/src/candidate_view.cpp.o[0m
[ 67%] [32mBuilding CXX object semanticeight/se_denseslam/CMakeFiles/se-denseslam-pinholecamera.dir/src/pose_history.cpp.o[0m
[ 69%] [32mBuilding CXX object semanticeight/se_denseslam/CMakeFiles/se-denseslam-pinholecamera.dir/src/pose_grid_history.cpp.o[0m
[ 70%] [32mBuilding CXX object semanticeight/se_denseslam/CMakeFiles/se-denseslam-pinholecamera.dir/src/pose_mask_history.cpp.o[0m
[ 71%] [32mBuilding CXX object semanticeight/se_denseslam/CMakeFiles/se-denseslam-pinholecamera.dir/src/pose_vector_history.cpp.o[0m
[ 72%] [32mBuilding CXX object semanticeight/se_denseslam/CMakeFiles/se-denseslam-pinholecamera.dir/src/exploration_utils.cpp.o[0m
[ 73%] [32mBuilding CXX object semanticeight/se_denseslam/CMakeFiles/se-denseslam-pinholecamera.dir/src/single_path_exploration_planner.cpp.o[0m
[ 75%] [32mBuilding CXX object semanticeight/se_denseslam/CMakeFiles/se-denseslam-pinholecamera.dir/src/exploration_planner.cpp.o[0m
[ 76%] [32mBuilding CXX object semanticeight/se_denseslam/CMakeFiles/se-denseslam-pinholecamera.dir/src/DenseSLAMSystem.cpp.o[0m
[01m[K/home/mz/semantic_rotors/src/semanticeight-ros/semanticeight/se_denseslam/src/ptp/ProbCollisionChecker.cpp:[m[K In member function ‘[01m[Kbool ptp::ProbCollisionChecker::checkSphere(const Vector3f&, float) const[m[K’:
[01m[K/home/mz/semantic_rotors/src/semanticeight-ros/semanticeight/se_denseslam/src/ptp/ProbCollisionChecker.cpp:366:22:[m[K [01;35m[Kwarning: [m[K‘[01m[K*((void*)& volume_data +15)[m[K’ may be used uninitialized in this function [[01;35m[K-Wmaybe-uninitialized[m[K]
     if (![01;35m[Kvolume_data.observed[m[K || volume_data.x * volume_data.y >= free_threshold_) {
          [01;35m[K~~~~~~~~~~~~^~~~~~~~[m[K
[01m[K/home/mz/semantic_rotors/src/semanticeight-ros/semanticeight/se_denseslam/src/ptp/ProbCollisionChecker.cpp:351:43:[m[K [01;36m[Knote: [m[K‘[01m[K*((void*)& volume_data +15)[m[K’ was declared here
     MultiresOFusion::VoxelType::VoxelData [01;36m[Kvolume_data[m[K;
                                           [01;36m[K^~~~~~~~~~~[m[K
[01m[K/home/mz/semantic_rotors/src/semanticeight-ros/semanticeight/se_denseslam/src/ptp/ProbCollisionChecker.cpp:366:48:[m[K [01;35m[Kwarning: [m[K‘[01m[K*((void*)& volume_data +10)[m[K’ may be used uninitialized in this function [[01;35m[K-Wmaybe-uninitialized[m[K]
     if (!volume_data.observed || [01;35m[Kvolume_data.x * volume_data.y[m[K >= free_threshold_) {
                                  [01;35m[K~~~~~~~~~~~~~~^~~~~~~~~~~~~~~[m[K
[01m[K/home/mz/semantic_rotors/src/semanticeight-ros/semanticeight/se_denseslam/src/ptp/ProbCollisionChecker.cpp:351:43:[m[K [01;36m[Knote: [m[K‘[01m[K*((void*)& volume_data +10)[m[K’ was declared here
     MultiresOFusion::VoxelType::VoxelData [01;36m[Kvolume_data[m[K;
                                           [01;36m[K^~~~~~~~~~~[m[K
[01m[K/home/mz/semantic_rotors/src/semanticeight-ros/semanticeight/se_denseslam/src/ptp/ProbCollisionChecker.cpp:366:48:[m[K [01;35m[Kwarning: [m[K‘[01m[Kvolume_data[m[K’ may be used uninitialized in this function [[01;35m[K-Wmaybe-uninitialized[m[K]
     if (!volume_data.observed || [01;35m[Kvolume_data.x * volume_data.y[m[K >= free_threshold_) {
                                  [01;35m[K~~~~~~~~~~~~~~^~~~~~~~~~~~~~~[m[K
[01m[K/home/mz/semantic_rotors/src/semanticeight-ros/semanticeight/se_denseslam/src/ptp/ProbCollisionChecker.cpp:351:43:[m[K [01;36m[Knote: [m[K‘[01m[Kvolume_data[m[K’ was declared here
     MultiresOFusion::VoxelType::VoxelData [01;36m[Kvolume_data[m[K;
                                           [01;36m[K^~~~~~~~~~~[m[K
[01m[K/home/mz/semantic_rotors/src/semanticeight-ros/semanticeight/se_denseslam/src/ptp/ProbCollisionChecker.cpp:[m[K In member function ‘[01m[Kbool ptp::ProbCollisionChecker::checkSegmentFlightCorridor(const Vector3f&, const Vector3f&, float) const[m[K’:
[01m[K/home/mz/semantic_rotors/src/semanticeight-ros/semanticeight/se_denseslam/src/ptp/ProbCollisionChecker.cpp:366:22:[m[K [01;35m[Kwarning: [m[K‘[01m[K*((void*)& volume_data +15)[m[K’ may be used uninitialized in this function [[01;35m[K-Wmaybe-uninitialized[m[K]
     if (![01;35m[Kvolume_data.observed[m[K || volume_data.x * volume_data.y >= free_threshold_) {
          [01;35m[K~~~~~~~~~~~~^~~~~~~~[m[K
[01m[K/home/mz/semantic_rotors/src/semanticeight-ros/semanticeight/se_denseslam/src/ptp/ProbCollisionChecker.cpp:351:43:[m[K [01;36m[Knote: [m[K‘[01m[K*((void*)& volume_data +15)[m[K’ was declared here
     MultiresOFusion::VoxelType::VoxelData [01;36m[Kvolume_data[m[K;
                                           [01;36m[K^~~~~~~~~~~[m[K
[01m[K/home/mz/semantic_rotors/src/semanticeight-ros/semanticeight/se_denseslam/src/ptp/ProbCollisionChecker.cpp:366:48:[m[K [01;35m[Kwarning: [m[K‘[01m[K*((void*)& volume_data +10)[m[K’ may be used uninitialized in this function [[01;35m[K-Wmaybe-uninitialized[m[K]
     if (!volume_data.observed || [01;35m[Kvolume_data.x * volume_data.y[m[K >= free_threshold_) {
                                  [01;35m[K~~~~~~~~~~~~~~^~~~~~~~~~~~~~~[m[K
[01m[K/home/mz/semantic_rotors/src/semanticeight-ros/semanticeight/se_denseslam/src/ptp/ProbCollisionChecker.cpp:351:43:[m[K [01;36m[Knote: [m[K‘[01m[K*((void*)& volume_data +10)[m[K’ was declared here
     MultiresOFusion::VoxelType::VoxelData [01;36m[Kvolume_data[m[K;
                                           [01;36m[K^~~~~~~~~~~[m[K
[01m[K/home/mz/semantic_rotors/src/semanticeight-ros/semanticeight/se_denseslam/src/ptp/ProbCollisionChecker.cpp:366:48:[m[K [01;35m[Kwarning: [m[K‘[01m[Kvolume_data[m[K’ may be used uninitialized in this function [[01;35m[K-Wmaybe-uninitialized[m[K]
     if (!volume_data.observed || [01;35m[Kvolume_data.x * volume_data.y[m[K >= free_threshold_) {
                                  [01;35m[K~~~~~~~~~~~~~~^~~~~~~~~~~~~~~[m[K
[01m[K/home/mz/semantic_rotors/src/semanticeight-ros/semanticeight/se_denseslam/src/ptp/ProbCollisionChecker.cpp:351:43:[m[K [01;36m[Knote: [m[K‘[01m[Kvolume_data[m[K’ was declared here
     MultiresOFusion::VoxelType::VoxelData [01;36m[Kvolume_data[m[K;
                                           [01;36m[K^~~~~~~~~~~[m[K
[ 77%] [32m[1mLinking CXX static library libse-denseslam-pinholecamera.a[0m
[ 77%] Built target se-denseslam-pinholecamera
[ 78%] [32mBuilding CXX object semanticeight/se_apps/CMakeFiles/se-denseslam-pinholecamera-main.dir/src/main.cpp.o[0m
[ 79%] [32mBuilding CXX object semanticeight/se_apps/CMakeFiles/se-denseslam-pinholecamera-main.dir/src/montage.cpp.o[0m
[ 80%] [32mBuilding CXX object semanticeight/se_apps/CMakeFiles/se-denseslam-pinholecamera-main.dir/src/reader_base.cpp.o[0m
[ 82%] [32mBuilding CXX object semanticeight/se_apps/CMakeFiles/se-denseslam-pinholecamera-main.dir/src/reader_interiornet.cpp.o[0m
[ 83%] [32mBuilding CXX object semanticeight/se_apps/CMakeFiles/se-denseslam-pinholecamera-main.dir/src/reader_newercollege.cpp.o[0m
[ 84%] [32mBuilding CXX object semanticeight/se_apps/CMakeFiles/se-denseslam-pinholecamera-main.dir/src/reader_openni.cpp.o[0m
[ 85%] [32mBuilding CXX object semanticeight/se_apps/CMakeFiles/se-denseslam-pinholecamera-main.dir/src/reader_raw.cpp.o[0m
[ 86%] [32mBuilding CXX object semanticeight/se_apps/CMakeFiles/se-denseslam-pinholecamera-main.dir/src/reader_tum.cpp.o[0m
[ 88%] [32mBuilding CXX object semanticeight/se_apps/CMakeFiles/se-denseslam-pinholecamera-main.dir/src/reader.cpp.o[0m
[ 90%] [32mBuilding CXX object CMakeFiles/semanticeight_ros.dir/src/control_interface.cpp.o[0m
[ 90%] [32mBuilding CXX object CMakeFiles/semanticeight_ros.dir/src/dataset.cpp.o[0m
[ 91%] [32mBuilding CXX object CMakeFiles/semanticeight_ros.dir/src/utilities.cpp.o[0m
[ 92%] [32mBuilding CXX object CMakeFiles/semanticeight_ros.dir/src/stats.cpp.o[0m
[ 94%] [32mBuilding CXX object CMakeFiles/semanticeight_ros.dir/src/supereight_ros.cpp.o[0m
[ 95%] [32mBuilding CXX object CMakeFiles/semanticeight_ros.dir/src/supereight_ros_config.cpp.o[0m
[ 96%] [32mBuilding CXX object CMakeFiles/semanticeight_ros.dir/src/supereight_ros_visualization.cpp.o[0m
[ 97%] [32mBuilding CXX object CMakeFiles/semanticeight_ros.dir/src/supereight_ros_node.cpp.o[0m
[ 98%] [32m[1mLinking CXX executable se-denseslam-pinholecamera-main[0m
[ 98%] Built target se-denseslam-pinholecamera-main
[100%] [32m[1mLinking CXX executable /home/mz/semantic_rotors/devel/.private/semanticeight_ros/lib/semanticeight_ros/semanticeight_ros[0m
[100%] Built target semanticeight_ros
