[0mCMake Deprecation Warning at CMakeLists.txt:12 (cmake_minimum_required):
  Compatibility with CMake < 3.10 will be removed from a future version of
  CMake.

  Update the VERSION argument <min> value.  Or, use the <min>...<max> syntax
  to tell CMake that the project requires at least <min> but has been updated
  to work with policies introduced by <max> or earlier.

[0m
[33mCMake Warning (dev) at CMakeLists.txt:13 (project):
  Policy CMP0048 is not set: project() command manages VERSION variables.
  Run "cmake --help-policy CMP0048" for policy details.  Use the cmake_policy
  command to set the policy and suppress this warning.

  The following variable(s) would be set to empty:

    CMAKE_PROJECT_VERSION
    CMAKE_PROJECT_VERSION_MAJOR
    CMAKE_PROJECT_VERSION_MINOR
    CMAKE_PROJECT_VERSION_PATCH
This warning is for project developers.  Use -Wno-dev to suppress it.
[0m
[36m--[0m BUILD_OCTOMAP_PLUGIN variable not provided, setting to FALSE.
[36m--[0m BUILD_OPTICAL_FLOW_PLUGIN variable not provided, setting to FALSE.
[36m--[0m NO_ROS variable not provided, setting to FALSE.
[36m--[0m CMAKE_BINARY_DIR = /home/mz/semantic_rotors/build/rotors_gazebo_plugins
[33mCMake Warning (dev) at /opt/cmake/share/cmake-3.31/Modules/FindPackageHandleStandardArgs.cmake:441 (message):
  The package name passed to `find_package_handle_standard_args` (MAVLink)
  does not match the name of the calling package (mavlink).  This can lead to
  problems in calling code that expects `find_package` result variables
  (e.g., `_FOUND`) to follow a certain pattern.
[36mCall Stack (most recent call first):[0m
  cmake/Findmavlink.cmake:68 (find_package_handle_standard_args)
  CMakeLists.txt:52 (find_package)
This warning is for project developers.  Use -Wno-dev to suppress it.
[0m
[36m--[0m  mavlink not found, not building MAVLINK_INTERFACE_PLUGIN.
[36m--[0m ADDITIONAL_INCLUDE_DIRS =
[36m--[0m BUILD_OCTOMAP_PLUGIN = FALSE, NOT building gazebo_octomap_plugin.
[36m--[0m BUILD_OPTICAL_FLOW_PLUGIN = FALSE, NOT building gazebo_optical_flow_plugin.
[36m--[0m NO_ROS = FALSE, building rotors_gazebo_plugins WITH ROS dependancies.
[36m--[0m Using CATKIN_DEVEL_PREFIX: /home/mz/semantic_rotors/devel/.private/rotors_gazebo_plugins
[36m--[0m Using CMAKE_PREFIX_PATH: /home/mz/semantic_rotors/devel;/opt/ros/noetic
[36m--[0m This workspace overlays: /home/mz/semantic_rotors/devel;/opt/ros/noetic
[33mCMake Warning (dev) at /opt/ros/noetic/share/catkin/cmake/python.cmake:4 (find_package):
  Policy CMP0148 is not set: The FindPythonInterp and FindPythonLibs modules
  are removed.  Run "cmake --help-policy CMP0148" for policy details.  Use
  the cmake_policy command to set the policy and suppress this warning.

[36mCall Stack (most recent call first):[0m
  /opt/ros/noetic/share/catkin/cmake/all.cmake:164 (include)
  /opt/ros/noetic/share/catkin/cmake/catkinConfig.cmake:20 (include)
  CMakeLists.txt:106 (find_package)
This warning is for project developers.  Use -Wno-dev to suppress it.
[0m
[36m--[0m Found PythonInterp: /usr/bin/python3 (found suitable version "3.8.10", minimum required is "3")
[36m--[0m Using PYTHON_EXECUTABLE: /usr/bin/python3
[36m--[0m Using Debian Python package layout
[36m--[0m Using empy: /usr/lib/python3/dist-packages/em.py
[36m--[0m Using CATKIN_ENABLE_TESTING: ON
[36m--[0m Call enable_testing()
[36m--[0m Using CATKIN_TEST_RESULTS_DIR: /home/mz/semantic_rotors/build/rotors_gazebo_plugins/test_results
[36m--[0m Forcing gtest/gmock from source, though one was otherwise available.
[36m--[0m Found gtest sources under '/usr/src/googletest': gtests will be built
[36m--[0m Found gmock sources under '/usr/src/googletest': gmock will be built
[0mCMake Deprecation Warning at /usr/src/googletest/CMakeLists.txt:4 (cmake_minimum_required):
  Compatibility with CMake < 3.10 will be removed from a future version of
  CMake.

  Update the VERSION argument <min> value.  Or, use the <min>...<max> syntax
  to tell CMake that the project requires at least <min> but has been updated
  to work with policies introduced by <max> or earlier.

[0m
[0mCMake Deprecation Warning at /usr/src/googletest/googlemock/CMakeLists.txt:45 (cmake_minimum_required):
  Compatibility with CMake < 3.10 will be removed from a future version of
  CMake.

  Update the VERSION argument <min> value.  Or, use the <min>...<max> syntax
  to tell CMake that the project requires at least <min> but has been updated
  to work with policies introduced by <max> or earlier.

[0m
[0mCMake Deprecation Warning at /usr/src/googletest/googletest/CMakeLists.txt:56 (cmake_minimum_required):
  Compatibility with CMake < 3.10 will be removed from a future version of
  CMake.

  Update the VERSION argument <min> value.  Or, use the <min>...<max> syntax
  to tell CMake that the project requires at least <min> but has been updated
  to work with policies introduced by <max> or earlier.

[0m
[33mCMake Warning (dev) at /usr/src/googletest/googletest/cmake/internal_utils.cmake:249 (find_package):
  Policy CMP0148 is not set: The FindPythonInterp and FindPythonLibs modules
  are removed.  Run "cmake --help-policy CMP0148" for policy details.  Use
  the cmake_policy command to set the policy and suppress this warning.

[36mCall Stack (most recent call first):[0m
  /usr/src/googletest/googletest/CMakeLists.txt:91 (include)
This warning is for project developers.  Use -Wno-dev to suppress it.
[0m
[36m--[0m Found PythonInterp: /usr/bin/python3 (found version "3.8.10")
[36m--[0m Using Python nosetests: /usr/bin/nosetests3
[36m--[0m catkin 0.8.12
[36m--[0m BUILD_SHARED_LIBS is on
[0mWARNING: package 'gazebo_plugins' is deprecated (This package has been deprecated as of January 2025 with Gazebo classic 11 reaching
      end-of-life. Users are highly encouraged to migrate to the new Gazebo
      using our migration guides (https://gazebosim.org/docs/latest/gazebo_classic_migration))[0m
[0mWARNING: package 'gazebo_msgs' is deprecated (This package has been deprecated as of January 2025 with Gazebo classic 11 reaching
      end-of-life. Users are highly encouraged to migrate to the new Gazebo
      using our migration guides (https://gazebosim.org/docs/latest/gazebo_classic_migration))[0m
[36m--[0m Using these message generators: gencpp;geneus;genlisp;gennodejs;genpy
[36m--[0m CMAKE_BINARY_DIR = /home/mz/semantic_rotors/build/rotors_gazebo_plugins
[36m--[0m Eigen found (include: /usr/include/eigen3)
[0mWARNING: package 'gazebo_dev' is deprecated (This package has been deprecated as of January 2025 with Gazebo classic 11 reaching
      end-of-life. Users are highly encouraged to migrate to the new Gazebo
      using our migration guides (https://gazebosim.org/docs/latest/gazebo_classic_migration))[0m
[33mCMake Warning (dev) at /usr/share/dart/cmake/DARTFindBoost.cmake:24 (find_package):
  Policy CMP0167 is not set: The FindBoost module is removed.  Run "cmake
  --help-policy CMP0167" for policy details.  Use the cmake_policy command to
  set the policy and suppress this warning.

[36mCall Stack (most recent call first):[0m
  /usr/share/dart/cmake/dart_dartComponent.cmake:6 (include)
  /usr/share/dart/cmake/DARTConfig.cmake:63 (include)
  /usr/share/dart/cmake/DARTConfig.cmake:123 (dart_traverse_components)
  /usr/share/dart/cmake/DARTConfig.cmake:171 (dart_package_init)
  /usr/lib/x86_64-linux-gnu/cmake/gazebo/gazebo-config.cmake:166 (find_package)
  /opt/ros/noetic/share/gazebo_dev/cmake/gazebo_dev-extras.cmake:2 (find_package)
  /opt/ros/noetic/share/gazebo_dev/cmake/gazebo_devConfig.cmake:230 (include)
  CMakeLists.txt:125 (find_package)
This warning is for project developers.  Use -Wno-dev to suppress it.
[0m
[36m--[0m Found DART: /usr/include (Required is at least version "6.6") found components: dart
[33mCMake Warning (dev) at /usr/lib/x86_64-linux-gnu/cmake/gazebo/gazebo-config.cmake:197 (find_package):
  Policy CMP0167 is not set: The FindBoost module is removed.  Run "cmake
  --help-policy CMP0167" for policy details.  Use the cmake_policy command to
  set the policy and suppress this warning.

[36mCall Stack (most recent call first):[0m
  /opt/ros/noetic/share/gazebo_dev/cmake/gazebo_dev-extras.cmake:2 (find_package)
  /opt/ros/noetic/share/gazebo_dev/cmake/gazebo_devConfig.cmake:230 (include)
  CMakeLists.txt:125 (find_package)
This warning is for project developers.  Use -Wno-dev to suppress it.
[0m
[36m--[0m Looking for ignition-math6 -- found version 6.15.1
[36m--[0m Searching for dependencies of ignition-math6
[36m--[0m Looking for OGRE...
[36m--[0m Found Ogre Ghadamon (1.9.0)
[36m--[0m Found OGRE: optimized;/usr/lib/x86_64-linux-gnu/libOgreMain.so;debug;/usr/lib/x86_64-linux-gnu/libOgreMain.so
[33mCMake Warning (dev) at /usr/share/OGRE/cmake/modules/FindOGRE.cmake:309 (find_package):
  Policy CMP0167 is not set: The FindBoost module is removed.  Run "cmake
  --help-policy CMP0167" for policy details.  Use the cmake_policy command to
  set the policy and suppress this warning.

[36mCall Stack (most recent call first):[0m
  /usr/lib/x86_64-linux-gnu/cmake/gazebo/gazebo-config.cmake:222 (find_package)
  /opt/ros/noetic/share/gazebo_dev/cmake/gazebo_dev-extras.cmake:2 (find_package)
  /opt/ros/noetic/share/gazebo_dev/cmake/gazebo_devConfig.cmake:230 (include)
  CMakeLists.txt:125 (find_package)
This warning is for project developers.  Use -Wno-dev to suppress it.
[0m
[33mCMake Warning (dev) at /usr/share/OGRE/cmake/modules/FindOGRE.cmake:318 (find_package):
  Policy CMP0167 is not set: The FindBoost module is removed.  Run "cmake
  --help-policy CMP0167" for policy details.  Use the cmake_policy command to
  set the policy and suppress this warning.

[36mCall Stack (most recent call first):[0m
  /usr/lib/x86_64-linux-gnu/cmake/gazebo/gazebo-config.cmake:222 (find_package)
  /opt/ros/noetic/share/gazebo_dev/cmake/gazebo_dev-extras.cmake:2 (find_package)
  /opt/ros/noetic/share/gazebo_dev/cmake/gazebo_devConfig.cmake:230 (include)
  CMakeLists.txt:125 (find_package)
This warning is for project developers.  Use -Wno-dev to suppress it.
[0m
[36m--[0m Looking for OGRE_Paging...
[36m--[0m Found OGRE_Paging: optimized;/usr/lib/x86_64-linux-gnu/libOgrePaging.so;debug;/usr/lib/x86_64-linux-gnu/libOgrePaging.so
[36m--[0m Looking for OGRE_Terrain...
[36m--[0m Found OGRE_Terrain: optimized;/usr/lib/x86_64-linux-gnu/libOgreTerrain.so;debug;/usr/lib/x86_64-linux-gnu/libOgreTerrain.so
[36m--[0m Looking for OGRE_Property...
[36m--[0m Found OGRE_Property: optimized;/usr/lib/x86_64-linux-gnu/libOgreProperty.so;debug;/usr/lib/x86_64-linux-gnu/libOgreProperty.so
[36m--[0m Looking for OGRE_RTShaderSystem...
[36m--[0m Found OGRE_RTShaderSystem: optimized;/usr/lib/x86_64-linux-gnu/libOgreRTShaderSystem.so;debug;/usr/lib/x86_64-linux-gnu/libOgreRTShaderSystem.so
[36m--[0m Looking for OGRE_Volume...
[36m--[0m Found OGRE_Volume: optimized;/usr/lib/x86_64-linux-gnu/libOgreVolume.so;debug;/usr/lib/x86_64-linux-gnu/libOgreVolume.so
[36m--[0m Looking for OGRE_Overlay...
[36m--[0m Found OGRE_Overlay: optimized;/usr/lib/x86_64-linux-gnu/libOgreOverlay.so;debug;/usr/lib/x86_64-linux-gnu/libOgreOverlay.so
[36m--[0m Looking for ignition-math6 -- found version 6.15.1
[36m--[0m Looking for ignition-transport8 -- found version 8.5.0
[36m--[0m Searching for dependencies of ignition-transport8
[36m--[0m Config-file not installed for ZeroMQ -- checking for pkg-config
[36m--[0m Checking for module 'libzmq >= 4'
[36m--[0m   Found libzmq, version 4.3.2
[36m--[0m Checking for module 'uuid'
[36m--[0m   Found uuid, version 2.34.0
[36m--[0m Looking for ignition-msgs5 -- found version 5.11.0
[36m--[0m Searching for dependencies of ignition-msgs5
[36m--[0m Found Protobuf: /usr/lib/x86_64-linux-gnu/libprotobuf.so;-lpthread (found suitable version "3.6.1", minimum required is "3")
[36m--[0m Looking for ignition-math6 -- found version 6.15.1
[36m--[0m Checking for module 'tinyxml2'
[36m--[0m   Found tinyxml2, version 6.2.0
[36m--[0m Looking for ignition-msgs5 -- found version 5.11.0
[36m--[0m Looking for ignition-common3 -- found version 3.17.0
[36m--[0m Searching for dependencies of ignition-common3
[36m--[0m Looking for dlfcn.h - found
[36m--[0m Looking for libdl - found
[36m--[0m Searching for <ignition-common3> component [graphics]
[36m--[0m Looking for ignition-common3-graphics -- found version 3.17.0
[36m--[0m Searching for dependencies of ignition-common3-graphics
[36m--[0m Looking for ignition-math6 -- found version 6.15.1
[36m--[0m Looking for ignition-fuel_tools4 -- found version 4.9.1
[36m--[0m Searching for dependencies of ignition-fuel_tools4
[36m--[0m Checking for module 'jsoncpp'
[36m--[0m   Found jsoncpp, version 1.7.4
[36m--[0m Checking for module 'yaml-0.1'
[36m--[0m   Found yaml-0.1, version 0.2.2
[36m--[0m Checking for module 'libzip'
[36m--[0m   Found libzip, version 1.5.1
[36m--[0m Looking for ignition-common3 -- found version 3.17.0
[36m--[0m Looking for ignition-math6 -- found version 6.15.1
[36m--[0m Looking for ignition-msgs5 -- found version 5.11.0
[36m--[0m Gazebo version: 11.15
[36m--[0m No yaml_cpp_catkin, using yaml-cpp system library instead.
[36m--[0m PROTOBUF_IMPORT_DIRS = /usr/include/gazebo-11/gazebo/msgs/proto
[36m--[0m Found Protobuf: /usr/lib/x86_64-linux-gnu/libprotobuf.so;-lpthread (found version "3.6.1")
[33mCMake Warning at /opt/ros/noetic/share/catkin/cmake/catkin_package.cmake:166 (message):
  catkin_package() DEPENDS on 'octomap' but neither 'octomap_INCLUDE_DIRS'
  nor 'octomap_LIBRARIES' is defined.
[36mCall Stack (most recent call first):[0m
  /opt/ros/noetic/share/catkin/cmake/catkin_package.cmake:102 (_catkin_package)
  CMakeLists.txt:229 (catkin_package)

[0m
[36m--[0m GAZEBO 11.15.1
--
[36m--[0m BUILD_MAVLINK_INTERFACE_PLUGIN = FALSE, NOT adding mavros dependency and NOT building mavlink_interface_plugin.
[36m--[0m CMAKE_INSTALL_PREFIX = /home/mz/semantic_rotors/install
[36m--[0m Configuring done (1.1s)
[36m--[0m Generating done (0.4s)
[36m--[0m Build files have been written to: /home/mz/semantic_rotors/build/rotors_gazebo_plugins
