[  0%] Built target tf_generate_messages_py
[  0%] Built target std_msgs_generate_messages_py
[  0%] Built target nav_msgs_generate_messages_py
[  0%] Built target geometry_msgs_generate_messages_py
[  0%] Built target geometry_msgs_generate_messages_cpp
[  0%] Built target std_msgs_generate_messages_cpp
[  0%] Built target nav_msgs_generate_messages_cpp
[  0%] Built target tf_generate_messages_cpp
[  0%] Built target std_msgs_generate_messages_eus
[  0%] Built target geometry_msgs_generate_messages_eus
[  0%] Built target tf_generate_messages_eus
[  0%] Built target nav_msgs_generate_messages_eus
[  0%] Built target std_msgs_generate_messages_lisp
[  0%] Built target geometry_msgs_generate_messages_lisp
[  0%] Built target tf_generate_messages_lisp
[  0%] Built target nav_msgs_generate_messages_lisp
[  0%] Built target std_msgs_generate_messages_nodejs
[  0%] Built target geometry_msgs_generate_messages_nodejs
[  0%] Built target tf_generate_messages_nodejs
[  0%] Built target nav_msgs_generate_messages_nodejs
[  5%] Built target mav_interface_msgs
[  5%] Built target _mav_interface_msgs_generate_messages_check_deps_AutopilotStatus
[  5%] Built target _mav_interface_msgs_generate_messages_check_deps_OdomAndTrajectory
[  5%] Built target _mav_interface_msgs_generate_messages_check_deps_Path
[  5%] Built target _mav_interface_msgs_generate_messages_check_deps_Waypoint
[  5%] Built target _mav_interface_msgs_generate_messages_check_deps_FullStateStamped
[  5%] Built target _mav_interface_msgs_generate_messages_check_deps_FullStateTrajectory
[  5%] Built target _mav_interface_msgs_generate_messages_check_deps_AutopilotStatusService
[ 27%] Built target mav_interface_msgs_generate_messages_py
[ 57%] Built target mav_interface_msgs_generate_messages_cpp
[ 62%] Built target mav_interface_msgs_generate_messages_nodejs
[ 80%] Built target mav_interface_msgs_generate_messages_lisp
[100%] Built target mav_interface_msgs_generate_messages_eus
[100%] Built target mav_interface_msgs_generate_messages
