Symlinking /home/mz/semantic_rotors/devel/share/roseus/ros/mav_interface_msgs/manifest.l
Symlinking /home/mz/semantic_rotors/devel/share/roseus/ros/mav_interface_msgs/msg/Waypoint.l
Symlinking /home/mz/semantic_rotors/devel/share/roseus/ros/mav_interface_msgs/msg/OdomAndTrajectory.l
Symlinking /home/mz/semantic_rotors/devel/share/roseus/ros/mav_interface_msgs/msg/FullStateTrajectory.l
Symlinking /home/mz/semantic_rotors/devel/share/roseus/ros/mav_interface_msgs/msg/Path.l
Symlinking /home/mz/semantic_rotors/devel/share/roseus/ros/mav_interface_msgs/msg/AutopilotStatus.l
Symlinking /home/mz/semantic_rotors/devel/share/roseus/ros/mav_interface_msgs/msg/FullStateStamped.l
Symlinking /home/mz/semantic_rotors/devel/share/roseus/ros/mav_interface_msgs/srv/AutopilotStatusService.l
Symlinking /home/mz/semantic_rotors/devel/share/common-lisp/ros/mav_interface_msgs/msg/_package_AutopilotStatus.lisp
Symlinking /home/mz/semantic_rotors/devel/share/common-lisp/ros/mav_interface_msgs/msg/AutopilotStatus.lisp
Symlinking /home/mz/semantic_rotors/devel/share/common-lisp/ros/mav_interface_msgs/msg/Waypoint.lisp
Symlinking /home/mz/semantic_rotors/devel/share/common-lisp/ros/mav_interface_msgs/msg/_package_FullStateStamped.lisp
Symlinking /home/mz/semantic_rotors/devel/share/common-lisp/ros/mav_interface_msgs/msg/Path.lisp
Symlinking /home/mz/semantic_rotors/devel/share/common-lisp/ros/mav_interface_msgs/msg/FullStateTrajectory.lisp
Symlinking /home/mz/semantic_rotors/devel/share/common-lisp/ros/mav_interface_msgs/msg/OdomAndTrajectory.lisp
Symlinking /home/mz/semantic_rotors/devel/share/common-lisp/ros/mav_interface_msgs/msg/_package_Path.lisp
Symlinking /home/mz/semantic_rotors/devel/share/common-lisp/ros/mav_interface_msgs/msg/mav_interface_msgs-msg.asd
Symlinking /home/mz/semantic_rotors/devel/share/common-lisp/ros/mav_interface_msgs/msg/_package_OdomAndTrajectory.lisp
Symlinking /home/mz/semantic_rotors/devel/share/common-lisp/ros/mav_interface_msgs/msg/_package_Waypoint.lisp
Symlinking /home/mz/semantic_rotors/devel/share/common-lisp/ros/mav_interface_msgs/msg/_package.lisp
Symlinking /home/mz/semantic_rotors/devel/share/common-lisp/ros/mav_interface_msgs/msg/_package_FullStateTrajectory.lisp
Symlinking /home/mz/semantic_rotors/devel/share/common-lisp/ros/mav_interface_msgs/msg/FullStateStamped.lisp
Symlinking /home/mz/semantic_rotors/devel/share/common-lisp/ros/mav_interface_msgs/srv/mav_interface_msgs-srv.asd
Symlinking /home/mz/semantic_rotors/devel/share/common-lisp/ros/mav_interface_msgs/srv/AutopilotStatusService.lisp
Symlinking /home/mz/semantic_rotors/devel/share/common-lisp/ros/mav_interface_msgs/srv/_package.lisp
Symlinking /home/mz/semantic_rotors/devel/share/common-lisp/ros/mav_interface_msgs/srv/_package_AutopilotStatusService.lisp
Symlinking /home/mz/semantic_rotors/devel/share/gennodejs/ros/mav_interface_msgs/_index.js
Symlinking /home/mz/semantic_rotors/devel/share/gennodejs/ros/mav_interface_msgs/msg/FullStateStamped.js
Symlinking /home/mz/semantic_rotors/devel/share/gennodejs/ros/mav_interface_msgs/msg/_index.js
Symlinking /home/mz/semantic_rotors/devel/share/gennodejs/ros/mav_interface_msgs/msg/Path.js
Symlinking /home/mz/semantic_rotors/devel/share/gennodejs/ros/mav_interface_msgs/msg/AutopilotStatus.js
Symlinking /home/mz/semantic_rotors/devel/share/gennodejs/ros/mav_interface_msgs/msg/OdomAndTrajectory.js
Symlinking /home/mz/semantic_rotors/devel/share/gennodejs/ros/mav_interface_msgs/msg/FullStateTrajectory.js
Symlinking /home/mz/semantic_rotors/devel/share/gennodejs/ros/mav_interface_msgs/msg/Waypoint.js
Symlinking /home/mz/semantic_rotors/devel/share/gennodejs/ros/mav_interface_msgs/srv/_index.js
Symlinking /home/mz/semantic_rotors/devel/share/gennodejs/ros/mav_interface_msgs/srv/AutopilotStatusService.js
Symlinking /home/mz/semantic_rotors/devel/share/mav_interface_msgs/cmake/mav_interface_msgsConfig.cmake
Symlinking /home/mz/semantic_rotors/devel/share/mav_interface_msgs/cmake/mav_interface_msgs-msg-paths.cmake
Symlinking /home/mz/semantic_rotors/devel/share/mav_interface_msgs/cmake/mav_interface_msgsConfig-version.cmake
Symlinking /home/mz/semantic_rotors/devel/share/mav_interface_msgs/cmake/mav_interface_msgs-msg-extras.cmake
Symlinking /home/mz/semantic_rotors/devel/lib/libmav_interface_msgs.a
Symlinking /home/mz/semantic_rotors/devel/lib/pkgconfig/mav_interface_msgs.pc
Symlinking /home/mz/semantic_rotors/devel/lib/python3/dist-packages/mav_interface_msgs/__init__.py
Symlinking /home/mz/semantic_rotors/devel/lib/python3/dist-packages/mav_interface_msgs/msg/__init__.py
Symlinking /home/mz/semantic_rotors/devel/lib/python3/dist-packages/mav_interface_msgs/msg/_Waypoint.py
Symlinking /home/mz/semantic_rotors/devel/lib/python3/dist-packages/mav_interface_msgs/msg/_OdomAndTrajectory.py
Symlinking /home/mz/semantic_rotors/devel/lib/python3/dist-packages/mav_interface_msgs/msg/_FullStateStamped.py
Symlinking /home/mz/semantic_rotors/devel/lib/python3/dist-packages/mav_interface_msgs/msg/_AutopilotStatus.py
Symlinking /home/mz/semantic_rotors/devel/lib/python3/dist-packages/mav_interface_msgs/msg/_FullStateTrajectory.py
Symlinking /home/mz/semantic_rotors/devel/lib/python3/dist-packages/mav_interface_msgs/msg/_Path.py
Symlinking /home/mz/semantic_rotors/devel/lib/python3/dist-packages/mav_interface_msgs/srv/__init__.py
Symlinking /home/mz/semantic_rotors/devel/lib/python3/dist-packages/mav_interface_msgs/srv/_AutopilotStatusService.py
Symlinking /home/mz/semantic_rotors/devel/include/mav_interface_msgs/AutopilotStatusService.h
Symlinking /home/mz/semantic_rotors/devel/include/mav_interface_msgs/FullStateTrajectory.h
Symlinking /home/mz/semantic_rotors/devel/include/mav_interface_msgs/AutopilotStatusServiceRequest.h
Symlinking /home/mz/semantic_rotors/devel/include/mav_interface_msgs/Path.h
Symlinking /home/mz/semantic_rotors/devel/include/mav_interface_msgs/AutopilotStatus.h
Symlinking /home/mz/semantic_rotors/devel/include/mav_interface_msgs/Waypoint.h
Symlinking /home/mz/semantic_rotors/devel/include/mav_interface_msgs/OdomAndTrajectory.h
Symlinking /home/mz/semantic_rotors/devel/include/mav_interface_msgs/FullStateStamped.h
Symlinking /home/mz/semantic_rotors/devel/include/mav_interface_msgs/AutopilotStatusServiceResponse.h
