[  0%] Built target geometry_msgs_generate_messages_py
[  0%] Built target std_msgs_generate_messages_py
[  0%] Built target nav_msgs_generate_messages_py
[  0%] Built target tf_generate_messages_py
[  0%] Built target std_msgs_generate_messages_cpp
[  0%] Built target geometry_msgs_generate_messages_cpp
[  0%] Built target nav_msgs_generate_messages_cpp
[  0%] Built target tf_generate_messages_cpp
[  0%] Built target std_msgs_generate_messages_eus
[  0%] Built target geometry_msgs_generate_messages_eus
[  0%] Built target _mav_interface_msgs_generate_messages_check_deps_AutopilotStatusService
[  0%] Built target nav_msgs_generate_messages_eus
[  0%] Built target tf_generate_messages_eus
[  0%] Built target std_msgs_generate_messages_lisp
[  0%] Built target nav_msgs_generate_messages_lisp
[  0%] Built target geometry_msgs_generate_messages_lisp
[  0%] Built target tf_generate_messages_lisp
[  0%] Built target _mav_interface_msgs_generate_messages_check_deps_FullStateStamped
[  0%] Built target std_msgs_generate_messages_nodejs
[  0%] Built target _mav_interface_msgs_generate_messages_check_deps_FullStateTrajectory
[  0%] Built target geometry_msgs_generate_messages_nodejs
[  0%] Built target _mav_interface_msgs_generate_messages_check_deps_AutopilotStatus
[  0%] Built target _mav_interface_msgs_generate_messages_check_deps_OdomAndTrajectory
[  0%] Built target nav_msgs_generate_messages_nodejs
[  0%] Built target tf_generate_messages_nodejs
[  0%] Built target _mav_interface_msgs_generate_messages_check_deps_Waypoint
[  0%] Built target _mav_interface_msgs_generate_messages_check_deps_Path
[  5%] Built target mav_interface_msgs
[ 45%] Built target mav_interface_msgs_generate_messages_py
[ 42%] Built target mav_interface_msgs_generate_messages_lisp
[ 62%] Built target mav_interface_msgs_generate_messages_cpp
[ 80%] Built target mav_interface_msgs_generate_messages_nodejs
[100%] Built target mav_interface_msgs_generate_messages_eus
[100%] Built target mav_interface_msgs_generate_messages
