Linked: (/home/mz/semantic_rotors/devel/.private/mav_interface_msgs/share/roseus/ros/mav_interface_msgs/manifest.l, /home/mz/semantic_rotors/devel/share/roseus/ros/mav_interface_msgs/manifest.l)
Linked: (/home/mz/semantic_rotors/devel/.private/mav_interface_msgs/share/roseus/ros/mav_interface_msgs/msg/Waypoint.l, /home/mz/semantic_rotors/devel/share/roseus/ros/mav_interface_msgs/msg/Waypoint.l)
Linked: (/home/mz/semantic_rotors/devel/.private/mav_interface_msgs/share/roseus/ros/mav_interface_msgs/msg/OdomAndTrajectory.l, /home/mz/semantic_rotors/devel/share/roseus/ros/mav_interface_msgs/msg/OdomAndTrajectory.l)
Linked: (/home/mz/semantic_rotors/devel/.private/mav_interface_msgs/share/roseus/ros/mav_interface_msgs/msg/FullStateTrajectory.l, /home/mz/semantic_rotors/devel/share/roseus/ros/mav_interface_msgs/msg/FullStateTrajectory.l)
Linked: (/home/mz/semantic_rotors/devel/.private/mav_interface_msgs/share/roseus/ros/mav_interface_msgs/msg/Path.l, /home/mz/semantic_rotors/devel/share/roseus/ros/mav_interface_msgs/msg/Path.l)
Linked: (/home/mz/semantic_rotors/devel/.private/mav_interface_msgs/share/roseus/ros/mav_interface_msgs/msg/AutopilotStatus.l, /home/mz/semantic_rotors/devel/share/roseus/ros/mav_interface_msgs/msg/AutopilotStatus.l)
Linked: (/home/mz/semantic_rotors/devel/.private/mav_interface_msgs/share/roseus/ros/mav_interface_msgs/msg/FullStateStamped.l, /home/mz/semantic_rotors/devel/share/roseus/ros/mav_interface_msgs/msg/FullStateStamped.l)
Linked: (/home/mz/semantic_rotors/devel/.private/mav_interface_msgs/share/roseus/ros/mav_interface_msgs/srv/AutopilotStatusService.l, /home/mz/semantic_rotors/devel/share/roseus/ros/mav_interface_msgs/srv/AutopilotStatusService.l)
Linked: (/home/mz/semantic_rotors/devel/.private/mav_interface_msgs/share/common-lisp/ros/mav_interface_msgs/msg/_package_AutopilotStatus.lisp, /home/mz/semantic_rotors/devel/share/common-lisp/ros/mav_interface_msgs/msg/_package_AutopilotStatus.lisp)
Linked: (/home/mz/semantic_rotors/devel/.private/mav_interface_msgs/share/common-lisp/ros/mav_interface_msgs/msg/AutopilotStatus.lisp, /home/mz/semantic_rotors/devel/share/common-lisp/ros/mav_interface_msgs/msg/AutopilotStatus.lisp)
Linked: (/home/mz/semantic_rotors/devel/.private/mav_interface_msgs/share/common-lisp/ros/mav_interface_msgs/msg/Waypoint.lisp, /home/mz/semantic_rotors/devel/share/common-lisp/ros/mav_interface_msgs/msg/Waypoint.lisp)
Linked: (/home/mz/semantic_rotors/devel/.private/mav_interface_msgs/share/common-lisp/ros/mav_interface_msgs/msg/_package_FullStateStamped.lisp, /home/mz/semantic_rotors/devel/share/common-lisp/ros/mav_interface_msgs/msg/_package_FullStateStamped.lisp)
Linked: (/home/mz/semantic_rotors/devel/.private/mav_interface_msgs/share/common-lisp/ros/mav_interface_msgs/msg/Path.lisp, /home/mz/semantic_rotors/devel/share/common-lisp/ros/mav_interface_msgs/msg/Path.lisp)
Linked: (/home/mz/semantic_rotors/devel/.private/mav_interface_msgs/share/common-lisp/ros/mav_interface_msgs/msg/FullStateTrajectory.lisp, /home/mz/semantic_rotors/devel/share/common-lisp/ros/mav_interface_msgs/msg/FullStateTrajectory.lisp)
Linked: (/home/mz/semantic_rotors/devel/.private/mav_interface_msgs/share/common-lisp/ros/mav_interface_msgs/msg/OdomAndTrajectory.lisp, /home/mz/semantic_rotors/devel/share/common-lisp/ros/mav_interface_msgs/msg/OdomAndTrajectory.lisp)
Linked: (/home/mz/semantic_rotors/devel/.private/mav_interface_msgs/share/common-lisp/ros/mav_interface_msgs/msg/_package_Path.lisp, /home/mz/semantic_rotors/devel/share/common-lisp/ros/mav_interface_msgs/msg/_package_Path.lisp)
Linked: (/home/mz/semantic_rotors/devel/.private/mav_interface_msgs/share/common-lisp/ros/mav_interface_msgs/msg/mav_interface_msgs-msg.asd, /home/mz/semantic_rotors/devel/share/common-lisp/ros/mav_interface_msgs/msg/mav_interface_msgs-msg.asd)
Linked: (/home/mz/semantic_rotors/devel/.private/mav_interface_msgs/share/common-lisp/ros/mav_interface_msgs/msg/_package_OdomAndTrajectory.lisp, /home/mz/semantic_rotors/devel/share/common-lisp/ros/mav_interface_msgs/msg/_package_OdomAndTrajectory.lisp)
Linked: (/home/mz/semantic_rotors/devel/.private/mav_interface_msgs/share/common-lisp/ros/mav_interface_msgs/msg/_package_Waypoint.lisp, /home/mz/semantic_rotors/devel/share/common-lisp/ros/mav_interface_msgs/msg/_package_Waypoint.lisp)
Linked: (/home/mz/semantic_rotors/devel/.private/mav_interface_msgs/share/common-lisp/ros/mav_interface_msgs/msg/_package.lisp, /home/mz/semantic_rotors/devel/share/common-lisp/ros/mav_interface_msgs/msg/_package.lisp)
Linked: (/home/mz/semantic_rotors/devel/.private/mav_interface_msgs/share/common-lisp/ros/mav_interface_msgs/msg/_package_FullStateTrajectory.lisp, /home/mz/semantic_rotors/devel/share/common-lisp/ros/mav_interface_msgs/msg/_package_FullStateTrajectory.lisp)
Linked: (/home/mz/semantic_rotors/devel/.private/mav_interface_msgs/share/common-lisp/ros/mav_interface_msgs/msg/FullStateStamped.lisp, /home/mz/semantic_rotors/devel/share/common-lisp/ros/mav_interface_msgs/msg/FullStateStamped.lisp)
Linked: (/home/mz/semantic_rotors/devel/.private/mav_interface_msgs/share/common-lisp/ros/mav_interface_msgs/srv/mav_interface_msgs-srv.asd, /home/mz/semantic_rotors/devel/share/common-lisp/ros/mav_interface_msgs/srv/mav_interface_msgs-srv.asd)
Linked: (/home/mz/semantic_rotors/devel/.private/mav_interface_msgs/share/common-lisp/ros/mav_interface_msgs/srv/AutopilotStatusService.lisp, /home/mz/semantic_rotors/devel/share/common-lisp/ros/mav_interface_msgs/srv/AutopilotStatusService.lisp)
Linked: (/home/mz/semantic_rotors/devel/.private/mav_interface_msgs/share/common-lisp/ros/mav_interface_msgs/srv/_package.lisp, /home/mz/semantic_rotors/devel/share/common-lisp/ros/mav_interface_msgs/srv/_package.lisp)
Linked: (/home/mz/semantic_rotors/devel/.private/mav_interface_msgs/share/common-lisp/ros/mav_interface_msgs/srv/_package_AutopilotStatusService.lisp, /home/mz/semantic_rotors/devel/share/common-lisp/ros/mav_interface_msgs/srv/_package_AutopilotStatusService.lisp)
Linked: (/home/mz/semantic_rotors/devel/.private/mav_interface_msgs/share/gennodejs/ros/mav_interface_msgs/_index.js, /home/mz/semantic_rotors/devel/share/gennodejs/ros/mav_interface_msgs/_index.js)
Linked: (/home/mz/semantic_rotors/devel/.private/mav_interface_msgs/share/gennodejs/ros/mav_interface_msgs/msg/FullStateStamped.js, /home/mz/semantic_rotors/devel/share/gennodejs/ros/mav_interface_msgs/msg/FullStateStamped.js)
Linked: (/home/mz/semantic_rotors/devel/.private/mav_interface_msgs/share/gennodejs/ros/mav_interface_msgs/msg/_index.js, /home/mz/semantic_rotors/devel/share/gennodejs/ros/mav_interface_msgs/msg/_index.js)
Linked: (/home/mz/semantic_rotors/devel/.private/mav_interface_msgs/share/gennodejs/ros/mav_interface_msgs/msg/Path.js, /home/mz/semantic_rotors/devel/share/gennodejs/ros/mav_interface_msgs/msg/Path.js)
Linked: (/home/mz/semantic_rotors/devel/.private/mav_interface_msgs/share/gennodejs/ros/mav_interface_msgs/msg/AutopilotStatus.js, /home/mz/semantic_rotors/devel/share/gennodejs/ros/mav_interface_msgs/msg/AutopilotStatus.js)
Linked: (/home/mz/semantic_rotors/devel/.private/mav_interface_msgs/share/gennodejs/ros/mav_interface_msgs/msg/OdomAndTrajectory.js, /home/mz/semantic_rotors/devel/share/gennodejs/ros/mav_interface_msgs/msg/OdomAndTrajectory.js)
Linked: (/home/mz/semantic_rotors/devel/.private/mav_interface_msgs/share/gennodejs/ros/mav_interface_msgs/msg/FullStateTrajectory.js, /home/mz/semantic_rotors/devel/share/gennodejs/ros/mav_interface_msgs/msg/FullStateTrajectory.js)
Linked: (/home/mz/semantic_rotors/devel/.private/mav_interface_msgs/share/gennodejs/ros/mav_interface_msgs/msg/Waypoint.js, /home/mz/semantic_rotors/devel/share/gennodejs/ros/mav_interface_msgs/msg/Waypoint.js)
Linked: (/home/mz/semantic_rotors/devel/.private/mav_interface_msgs/share/gennodejs/ros/mav_interface_msgs/srv/_index.js, /home/mz/semantic_rotors/devel/share/gennodejs/ros/mav_interface_msgs/srv/_index.js)
Linked: (/home/mz/semantic_rotors/devel/.private/mav_interface_msgs/share/gennodejs/ros/mav_interface_msgs/srv/AutopilotStatusService.js, /home/mz/semantic_rotors/devel/share/gennodejs/ros/mav_interface_msgs/srv/AutopilotStatusService.js)
Linked: (/home/mz/semantic_rotors/devel/.private/mav_interface_msgs/share/mav_interface_msgs/cmake/mav_interface_msgsConfig.cmake, /home/mz/semantic_rotors/devel/share/mav_interface_msgs/cmake/mav_interface_msgsConfig.cmake)
Linked: (/home/mz/semantic_rotors/devel/.private/mav_interface_msgs/share/mav_interface_msgs/cmake/mav_interface_msgs-msg-paths.cmake, /home/mz/semantic_rotors/devel/share/mav_interface_msgs/cmake/mav_interface_msgs-msg-paths.cmake)
Linked: (/home/mz/semantic_rotors/devel/.private/mav_interface_msgs/share/mav_interface_msgs/cmake/mav_interface_msgsConfig-version.cmake, /home/mz/semantic_rotors/devel/share/mav_interface_msgs/cmake/mav_interface_msgsConfig-version.cmake)
Linked: (/home/mz/semantic_rotors/devel/.private/mav_interface_msgs/share/mav_interface_msgs/cmake/mav_interface_msgs-msg-extras.cmake, /home/mz/semantic_rotors/devel/share/mav_interface_msgs/cmake/mav_interface_msgs-msg-extras.cmake)
Linked: (/home/mz/semantic_rotors/devel/.private/mav_interface_msgs/lib/libmav_interface_msgs.a, /home/mz/semantic_rotors/devel/lib/libmav_interface_msgs.a)
Linked: (/home/mz/semantic_rotors/devel/.private/mav_interface_msgs/lib/pkgconfig/mav_interface_msgs.pc, /home/mz/semantic_rotors/devel/lib/pkgconfig/mav_interface_msgs.pc)
Linked: (/home/mz/semantic_rotors/devel/.private/mav_interface_msgs/lib/python3/dist-packages/mav_interface_msgs/__init__.py, /home/mz/semantic_rotors/devel/lib/python3/dist-packages/mav_interface_msgs/__init__.py)
Linked: (/home/mz/semantic_rotors/devel/.private/mav_interface_msgs/lib/python3/dist-packages/mav_interface_msgs/msg/__init__.py, /home/mz/semantic_rotors/devel/lib/python3/dist-packages/mav_interface_msgs/msg/__init__.py)
Linked: (/home/mz/semantic_rotors/devel/.private/mav_interface_msgs/lib/python3/dist-packages/mav_interface_msgs/msg/_Waypoint.py, /home/mz/semantic_rotors/devel/lib/python3/dist-packages/mav_interface_msgs/msg/_Waypoint.py)
Linked: (/home/mz/semantic_rotors/devel/.private/mav_interface_msgs/lib/python3/dist-packages/mav_interface_msgs/msg/_OdomAndTrajectory.py, /home/mz/semantic_rotors/devel/lib/python3/dist-packages/mav_interface_msgs/msg/_OdomAndTrajectory.py)
Linked: (/home/mz/semantic_rotors/devel/.private/mav_interface_msgs/lib/python3/dist-packages/mav_interface_msgs/msg/_FullStateStamped.py, /home/mz/semantic_rotors/devel/lib/python3/dist-packages/mav_interface_msgs/msg/_FullStateStamped.py)
Linked: (/home/mz/semantic_rotors/devel/.private/mav_interface_msgs/lib/python3/dist-packages/mav_interface_msgs/msg/_AutopilotStatus.py, /home/mz/semantic_rotors/devel/lib/python3/dist-packages/mav_interface_msgs/msg/_AutopilotStatus.py)
Linked: (/home/mz/semantic_rotors/devel/.private/mav_interface_msgs/lib/python3/dist-packages/mav_interface_msgs/msg/_FullStateTrajectory.py, /home/mz/semantic_rotors/devel/lib/python3/dist-packages/mav_interface_msgs/msg/_FullStateTrajectory.py)
Linked: (/home/mz/semantic_rotors/devel/.private/mav_interface_msgs/lib/python3/dist-packages/mav_interface_msgs/msg/_Path.py, /home/mz/semantic_rotors/devel/lib/python3/dist-packages/mav_interface_msgs/msg/_Path.py)
Linked: (/home/mz/semantic_rotors/devel/.private/mav_interface_msgs/lib/python3/dist-packages/mav_interface_msgs/srv/__init__.py, /home/mz/semantic_rotors/devel/lib/python3/dist-packages/mav_interface_msgs/srv/__init__.py)
Linked: (/home/mz/semantic_rotors/devel/.private/mav_interface_msgs/lib/python3/dist-packages/mav_interface_msgs/srv/_AutopilotStatusService.py, /home/mz/semantic_rotors/devel/lib/python3/dist-packages/mav_interface_msgs/srv/_AutopilotStatusService.py)
Linked: (/home/mz/semantic_rotors/devel/.private/mav_interface_msgs/include/mav_interface_msgs/AutopilotStatusService.h, /home/mz/semantic_rotors/devel/include/mav_interface_msgs/AutopilotStatusService.h)
Linked: (/home/mz/semantic_rotors/devel/.private/mav_interface_msgs/include/mav_interface_msgs/FullStateTrajectory.h, /home/mz/semantic_rotors/devel/include/mav_interface_msgs/FullStateTrajectory.h)
Linked: (/home/mz/semantic_rotors/devel/.private/mav_interface_msgs/include/mav_interface_msgs/AutopilotStatusServiceRequest.h, /home/mz/semantic_rotors/devel/include/mav_interface_msgs/AutopilotStatusServiceRequest.h)
Linked: (/home/mz/semantic_rotors/devel/.private/mav_interface_msgs/include/mav_interface_msgs/Path.h, /home/mz/semantic_rotors/devel/include/mav_interface_msgs/Path.h)
Linked: (/home/mz/semantic_rotors/devel/.private/mav_interface_msgs/include/mav_interface_msgs/AutopilotStatus.h, /home/mz/semantic_rotors/devel/include/mav_interface_msgs/AutopilotStatus.h)
Linked: (/home/mz/semantic_rotors/devel/.private/mav_interface_msgs/include/mav_interface_msgs/Waypoint.h, /home/mz/semantic_rotors/devel/include/mav_interface_msgs/Waypoint.h)
Linked: (/home/mz/semantic_rotors/devel/.private/mav_interface_msgs/include/mav_interface_msgs/OdomAndTrajectory.h, /home/mz/semantic_rotors/devel/include/mav_interface_msgs/OdomAndTrajectory.h)
Linked: (/home/mz/semantic_rotors/devel/.private/mav_interface_msgs/include/mav_interface_msgs/FullStateStamped.h, /home/mz/semantic_rotors/devel/include/mav_interface_msgs/FullStateStamped.h)
Linked: (/home/mz/semantic_rotors/devel/.private/mav_interface_msgs/include/mav_interface_msgs/AutopilotStatusServiceResponse.h, /home/mz/semantic_rotors/devel/include/mav_interface_msgs/AutopilotStatusServiceResponse.h)
