[  0%] Built target _mav_interface_msgs_generate_messages_check_deps_AutopilotStatusService
[  0%] Built target std_msgs_generate_messages_py
[  0%] Built target geometry_msgs_generate_messages_py
[  0%] Built target tf_generate_messages_py
[  0%] Built target nav_msgs_generate_messages_py
[  0%] Built target _mav_interface_msgs_generate_messages_check_deps_FullStateStamped
[  0%] Built target _mav_interface_msgs_generate_messages_check_deps_OdomAndTrajectory
[  0%] Built target geometry_msgs_generate_messages_cpp
[  0%] Built target nav_msgs_generate_messages_cpp
[  0%] Built target std_msgs_generate_messages_cpp
[  0%] Built target tf_generate_messages_cpp
[  0%] Built target _mav_interface_msgs_generate_messages_check_deps_Path
[  0%] Built target _mav_interface_msgs_generate_messages_check_deps_FullStateTrajectory
[  0%] Built target std_msgs_generate_messages_eus
[  0%] Built target geometry_msgs_generate_messages_eus
[  0%] Built target nav_msgs_generate_messages_eus
[  0%] Built target _mav_interface_msgs_generate_messages_check_deps_AutopilotStatus
[  0%] Built target std_msgs_generate_messages_lisp
[  0%] Built target tf_generate_messages_eus
[  0%] Built target geometry_msgs_generate_messages_lisp
[  0%] Built target nav_msgs_generate_messages_lisp
[  0%] Built target tf_generate_messages_lisp
[  0%] Built target std_msgs_generate_messages_nodejs
[  0%] Built target _mav_interface_msgs_generate_messages_check_deps_Waypoint
[  0%] Built target geometry_msgs_generate_messages_nodejs
[  0%] Built target nav_msgs_generate_messages_nodejs
[  0%] Built target tf_generate_messages_nodejs
[  2%] [34m[1mGenerating Python from MSG mav_interface_msgs/AutopilotStatus[0m
[  5%] [34m[1mGenerating C++ code from mav_interface_msgs/AutopilotStatus.msg[0m
[  7%] [34m[1mGenerating EusLisp code from mav_interface_msgs/AutopilotStatus.msg[0m
[ 10%] [32mBuilding CXX object CMakeFiles/mav_interface_msgs.dir/src/conversions.cpp.o[0m
[ 12%] [34m[1mGenerating Python from MSG mav_interface_msgs/FullStateStamped[0m
[ 15%] [34m[1mGenerating C++ code from mav_interface_msgs/FullStateStamped.msg[0m
[ 17%] [34m[1mGenerating C++ code from mav_interface_msgs/FullStateTrajectory.msg[0m
[ 20%] [34m[1mGenerating C++ code from mav_interface_msgs/OdomAndTrajectory.msg[0m
[ 22%] [34m[1mGenerating C++ code from mav_interface_msgs/Path.msg[0m
[ 25%] [34m[1mGenerating C++ code from mav_interface_msgs/Waypoint.msg[0m
[ 27%] [34m[1mGenerating C++ code from mav_interface_msgs/AutopilotStatusService.srv[0m
[ 30%] [34m[1mGenerating EusLisp code from mav_interface_msgs/FullStateStamped.msg[0m
[ 32%] [34m[1mGenerating Python from MSG mav_interface_msgs/FullStateTrajectory[0m
[ 35%] [34m[1mGenerating EusLisp code from mav_interface_msgs/FullStateTrajectory.msg[0m
[ 37%] [34m[1mGenerating Lisp code from mav_interface_msgs/AutopilotStatus.msg[0m
[ 40%] [34m[1mGenerating Javascript code from mav_interface_msgs/AutopilotStatus.msg[0m
[ 42%] [34m[1mGenerating Javascript code from mav_interface_msgs/FullStateStamped.msg[0m
[ 42%] Built target mav_interface_msgs_generate_messages_cpp
[ 45%] [34m[1mGenerating Javascript code from mav_interface_msgs/FullStateTrajectory.msg[0m
[ 50%] [34m[1mGenerating Lisp code from mav_interface_msgs/FullStateTrajectory.msg[0m
[ 50%] [34m[1mGenerating Lisp code from mav_interface_msgs/FullStateStamped.msg[0m
[ 52%] [34m[1mGenerating Lisp code from mav_interface_msgs/OdomAndTrajectory.msg[0m
[ 55%] [34m[1mGenerating Lisp code from mav_interface_msgs/Path.msg[0m
[ 57%] [34m[1mGenerating EusLisp code from mav_interface_msgs/OdomAndTrajectory.msg[0m
[ 60%] [34m[1mGenerating Javascript code from mav_interface_msgs/OdomAndTrajectory.msg[0m
[ 62%] [34m[1mGenerating Lisp code from mav_interface_msgs/Waypoint.msg[0m
[ 65%] [34m[1mGenerating Lisp code from mav_interface_msgs/AutopilotStatusService.srv[0m
[ 67%] [34m[1mGenerating Python from MSG mav_interface_msgs/OdomAndTrajectory[0m
[ 70%] [34m[1mGenerating Python from MSG mav_interface_msgs/Path[0m
[ 72%] [34m[1mGenerating EusLisp code from mav_interface_msgs/Path.msg[0m
[ 75%] [34m[1mGenerating EusLisp code from mav_interface_msgs/Waypoint.msg[0m
[ 77%] [34m[1mGenerating Javascript code from mav_interface_msgs/Path.msg[0m
[ 80%] [34m[1mGenerating Python from MSG mav_interface_msgs/Waypoint[0m
[ 82%] [34m[1mGenerating EusLisp code from mav_interface_msgs/AutopilotStatusService.srv[0m
[ 85%] [34m[1mGenerating Javascript code from mav_interface_msgs/Waypoint.msg[0m
[ 87%] [34m[1mGenerating Javascript code from mav_interface_msgs/AutopilotStatusService.srv[0m
[ 90%] [34m[1mGenerating Python code from SRV mav_interface_msgs/AutopilotStatusService[0m
[ 90%] Built target mav_interface_msgs_generate_messages_lisp
[ 90%] Built target mav_interface_msgs_generate_messages_nodejs
[ 92%] Built target mav_interface_msgs_generate_messages_eus
[ 95%] [34m[1mGenerating Python msg __init__.py for mav_interface_msgs[0m
[ 97%] [34m[1mGenerating Python srv __init__.py for mav_interface_msgs[0m
[ 97%] Built target mav_interface_msgs_generate_messages_py
[ 97%] Built target mav_interface_msgs_generate_messages
[100%] [32m[1mLinking CXX static library /home/mz/semantic_rotors/devel/.private/mav_interface_msgs/lib/libmav_interface_msgs.a[0m
[100%] Built target mav_interface_msgs
