Symlinking /home/mz/semantic_rotors/devel/share/roseus/ros/mav_state_machine_msgs/manifest.l
Symlinking /home/mz/semantic_rotors/devel/share/roseus/ros/mav_state_machine_msgs/msg/StartStopTask.l
Symlinking /home/mz/semantic_rotors/devel/share/roseus/ros/mav_state_machine_msgs/srv/RunTaskService.l
Symlinking /home/mz/semantic_rotors/devel/share/common-lisp/ros/mav_state_machine_msgs/msg/mav_state_machine_msgs-msg.asd
Symlinking /home/mz/semantic_rotors/devel/share/common-lisp/ros/mav_state_machine_msgs/msg/_package_StartStopTask.lisp
Symlinking /home/mz/semantic_rotors/devel/share/common-lisp/ros/mav_state_machine_msgs/msg/_package.lisp
Symlinking /home/mz/semantic_rotors/devel/share/common-lisp/ros/mav_state_machine_msgs/msg/StartStopTask.lisp
Symlinking /home/mz/semantic_rotors/devel/share/common-lisp/ros/mav_state_machine_msgs/srv/_package_RunTaskService.lisp
Symlinking /home/mz/semantic_rotors/devel/share/common-lisp/ros/mav_state_machine_msgs/srv/RunTaskService.lisp
Symlinking /home/mz/semantic_rotors/devel/share/common-lisp/ros/mav_state_machine_msgs/srv/mav_state_machine_msgs-srv.asd
Symlinking /home/mz/semantic_rotors/devel/share/common-lisp/ros/mav_state_machine_msgs/srv/_package.lisp
Symlinking /home/mz/semantic_rotors/devel/share/gennodejs/ros/mav_state_machine_msgs/_index.js
Symlinking /home/mz/semantic_rotors/devel/share/gennodejs/ros/mav_state_machine_msgs/msg/_index.js
Symlinking /home/mz/semantic_rotors/devel/share/gennodejs/ros/mav_state_machine_msgs/msg/StartStopTask.js
Symlinking /home/mz/semantic_rotors/devel/share/gennodejs/ros/mav_state_machine_msgs/srv/_index.js
Symlinking /home/mz/semantic_rotors/devel/share/gennodejs/ros/mav_state_machine_msgs/srv/RunTaskService.js
Symlinking /home/mz/semantic_rotors/devel/share/mav_state_machine_msgs/cmake/mav_state_machine_msgs-msg-extras.cmake
Symlinking /home/mz/semantic_rotors/devel/share/mav_state_machine_msgs/cmake/mav_state_machine_msgsConfig-version.cmake
Symlinking /home/mz/semantic_rotors/devel/share/mav_state_machine_msgs/cmake/mav_state_machine_msgs-msg-paths.cmake
Symlinking /home/mz/semantic_rotors/devel/share/mav_state_machine_msgs/cmake/mav_state_machine_msgsConfig.cmake
Symlinking /home/mz/semantic_rotors/devel/lib/pkgconfig/mav_state_machine_msgs.pc
Symlinking /home/mz/semantic_rotors/devel/lib/python3/dist-packages/mav_state_machine_msgs/__init__.py
Symlinking /home/mz/semantic_rotors/devel/lib/python3/dist-packages/mav_state_machine_msgs/msg/__init__.py
Symlinking /home/mz/semantic_rotors/devel/lib/python3/dist-packages/mav_state_machine_msgs/msg/_StartStopTask.py
Symlinking /home/mz/semantic_rotors/devel/lib/python3/dist-packages/mav_state_machine_msgs/srv/_RunTaskService.py
Symlinking /home/mz/semantic_rotors/devel/lib/python3/dist-packages/mav_state_machine_msgs/srv/__init__.py
Symlinking /home/mz/semantic_rotors/devel/include/mav_state_machine_msgs/RunTaskServiceResponse.h
Symlinking /home/mz/semantic_rotors/devel/include/mav_state_machine_msgs/StartStopTask.h
Symlinking /home/mz/semantic_rotors/devel/include/mav_state_machine_msgs/RunTaskServiceRequest.h
Symlinking /home/mz/semantic_rotors/devel/include/mav_state_machine_msgs/RunTaskService.h
